
=====================================================================
This module is only for creating or activating Python environments:
$ mamba create -n myenv -c conda-forge python=3 <package_name>
$ source activate myenv

Only run "pip install" after activating an environment.
Running pip without activating an environment is known to cause issues.

To list available environments:
$ mamba info --envs

Other uses are not tested. More info: https://links.asu.edu/solpy
=====================================================================

  
2026-04-21T14:06:12 | INFO     | generation.generate_instances | Generating rovers_train_0000_670488
2026-04-21T14:06:12 | WARNING  | generation.generate_instances | FAILED rovers idx=0: Command failed (rc=1):
CMD: ./rovgen 670488 1 3 1 1 1
STDERR: ./rovgen: /lib64/libstdc++.so.6: version `GLIBCXX_3.4.32' not found (required by ./rovgen)
./rovgen: /lib64/libstdc++.so.6: version `GLIBCXX_3.4.29' not found (required by ./rovgen)
./rovgen: /lib64/libstdc++.so.6: version `GLIBCXX_3.4.30' not found (required by ./rovgen)

2026-04-21T14:06:12 | INFO     | generation.generate_instances | Generating rovers_train_0001_116740
2026-04-21T14:06:12 | WARNING  | generation.generate_instances | FAILED rovers idx=1: Command failed (rc=1):
CMD: ./rovgen 116740 1 4 1 1 2
STDERR: ./rovgen: /lib64/libstdc++.so.6: version `GLIBCXX_3.4.32' not found (required by ./rovgen)
./rovgen: /lib64/libstdc++.so.6: version `GLIBCXX_3.4.29' not found (required by ./rovgen)
./rovgen: /lib64/libstdc++.so.6: version `GLIBCXX_3.4.30' not found (required by ./rovgen)

2026-04-21T14:06:12 | INFO     | generation.generate_instances | Generating rovers_train_0002_26226
2026-04-21T14:06:12 | WARNING  | generation.generate_instances | FAILED rovers idx=2: Command failed (rc=1):
CMD: ./rovgen 26226 1 4 1 1 2
STDERR: ./rovgen: /lib64/libstdc++.so.6: version `GLIBCXX_3.4.32' not found (required by ./rovgen)
./rovgen: /lib64/libstdc++.so.6: version `GLIBCXX_3.4.29' not found (required by ./rovgen)
./rovgen: /lib64/libstdc++.so.6: version `GLIBCXX_3.4.30' not found (required by ./rovgen)

2026-04-21T14:06:12 | INFO     | generation.generate_instances | Generating rovers_train_0003_777573
2026-04-21T14:06:12 | WARNING  | generation.generate_instances | FAILED rovers idx=3: Command failed (rc=1):
CMD: ./rovgen 777573 1 3 1 1 2
STDERR: ./rovgen: /lib64/libstdc++.so.6: version `GLIBCXX_3.4.32' not found (required by ./rovgen)
./rovgen: /lib64/libstdc++.so.6: version `GLIBCXX_3.4.29' not found (required by ./rovgen)
./rovgen: /lib64/libstdc++.so.6: version `GLIBCXX_3.4.30' not found (required by ./rovgen)

2026-04-21T14:06:12 | INFO     | generation.generate_instances | Generating rovers_train_0004_288390
2026-04-21T14:06:12 | WARNING  | generation.generate_instances | FAILED rovers idx=4: Command failed (rc=1):
CMD: ./rovgen 288390 1 3 1 1 2
STDERR: ./rovgen: /lib64/libstdc++.so.6: version `GLIBCXX_3.4.32' not found (required by ./rovgen)
./rovgen: /lib64/libstdc++.so.6: version `GLIBCXX_3.4.29' not found (required by ./rovgen)
./rovgen: /lib64/libstdc++.so.6: version `GLIBCXX_3.4.30' not found (required by ./rovgen)

