
=====================================================================
This module is only for creating or activating Python environments:
$ mamba create -n myenv -c conda-forge python=3 <package_name>
$ source activate myenv

Only run "pip install" after activating an environment.
Running pip without activating an environment is known to cause issues.

To list available environments:
$ mamba info --envs

Other uses are not tested. More info: https://links.asu.edu/solpy
=====================================================================

  
2026-04-23T17:36:42 | INFO     | generation.generate_instances | Generating spanner_train_0000_670488
2026-04-23T17:36:42 | INFO     | generation.generate_instances | Generated spanner_train_0000_670488 in 0.07s
2026-04-23T17:36:42 | INFO     | generation.generate_instances | Generating spanner_train_0001_116740
2026-04-23T17:36:42 | INFO     | generation.generate_instances | Generated spanner_train_0001_116740 in 0.05s
2026-04-23T17:36:42 | INFO     | generation.generate_instances | Generating spanner_train_0002_26226
2026-04-23T17:36:42 | INFO     | generation.generate_instances | Generated spanner_train_0002_26226 in 0.04s
2026-04-23T17:36:42 | INFO     | generation.generate_instances | Generating spanner_train_0003_777573
2026-04-23T17:36:42 | INFO     | generation.generate_instances | Generated spanner_train_0003_777573 in 0.04s
2026-04-23T17:36:42 | INFO     | generation.generate_instances | Generating spanner_train_0004_288390
2026-04-23T17:36:42 | INFO     | generation.generate_instances | Generated spanner_train_0004_288390 in 0.04s
