
=====================================================================
This module is only for creating or activating Python environments:
$ mamba create -n myenv -c conda-forge python=3 <package_name>
$ source activate myenv

Only run "pip install" after activating an environment.
Running pip without activating an environment is known to cause issues.

To list available environments:
$ mamba info --envs

Other uses are not tested. More info: https://links.asu.edu/solpy
=====================================================================

  
2026-04-22T11:55:26 | INFO     | generation.generate_instances | Generating childsnack_train_0000_670488
2026-04-22T11:55:27 | INFO     | generation.generate_instances | Generated childsnack_train_0000_670488 in 0.77s
2026-04-22T11:55:27 | INFO     | generation.generate_instances | Generating childsnack_train_0001_116740
2026-04-22T11:55:28 | INFO     | generation.generate_instances | Generated childsnack_train_0001_116740 in 0.42s
2026-04-22T11:55:28 | INFO     | generation.generate_instances | Generating childsnack_train_0002_26226
2026-04-22T11:55:28 | INFO     | generation.generate_instances | Generated childsnack_train_0002_26226 in 0.43s
2026-04-22T11:55:28 | INFO     | generation.generate_instances | Generating childsnack_train_0003_777573
2026-04-22T11:55:29 | INFO     | generation.generate_instances | Generated childsnack_train_0003_777573 in 0.43s
2026-04-22T11:55:29 | INFO     | generation.generate_instances | Generating childsnack_train_0004_288390
2026-04-22T11:55:29 | INFO     | generation.generate_instances | Generated childsnack_train_0004_288390 in 0.41s
