
=====================================================================
This module is only for creating or activating Python environments:
$ mamba create -n myenv -c conda-forge python=3 <package_name>
$ source activate myenv

Only run "pip install" after activating an environment.
Running pip without activating an environment is known to cause issues.

To list available environments:
$ mamba info --envs

Other uses are not tested. More info: https://links.asu.edu/solpy
=====================================================================

  
2026-04-21T14:05:00 | INFO     | generation.generate_instances | Generating miconic_heldout_0000_670488
2026-04-21T14:05:00 | INFO     | generation.generate_instances | Generated miconic_heldout_0000_670488 in 0.02s
2026-04-21T14:05:00 | INFO     | generation.generate_instances | Generating miconic_heldout_0001_116740
2026-04-21T14:05:00 | INFO     | generation.generate_instances | Generated miconic_heldout_0001_116740 in 0.00s
2026-04-21T14:05:00 | INFO     | generation.generate_instances | Generating miconic_heldout_0002_26226
2026-04-21T14:05:00 | INFO     | generation.generate_instances | Generated miconic_heldout_0002_26226 in 0.00s
2026-04-21T14:05:00 | INFO     | generation.generate_instances | Generating miconic_heldout_0003_777573
2026-04-21T14:05:00 | INFO     | generation.generate_instances | Generated miconic_heldout_0003_777573 in 0.00s
2026-04-21T14:05:00 | INFO     | generation.generate_instances | Generating miconic_heldout_0004_288390
2026-04-21T14:05:00 | INFO     | generation.generate_instances | Generated miconic_heldout_0004_288390 in 0.00s
