
=====================================================================
This module is only for creating or activating Python environments:
$ mamba create -n myenv -c conda-forge python=3 <package_name>
$ source activate myenv

Only run "pip install" after activating an environment.
Running pip without activating an environment is known to cause issues.

To list available environments:
$ mamba info --envs

Other uses are not tested. More info: https://links.asu.edu/solpy
=====================================================================

  
2026-04-23T17:47:00 | INFO     | build_tuples | Found 121 solve meta files
2026-04-23T17:47:00 | INFO     | build_tuples | Built tuple: blocksworld_train_0000_670488
2026-04-23T17:47:00 | INFO     | build_tuples | Built tuple: blocksworld_train_0001_116740
2026-04-23T17:47:00 | INFO     | build_tuples | Built tuple: blocksworld_train_0002_26226
2026-04-23T17:47:00 | INFO     | build_tuples | Built tuple: blocksworld_train_0003_777573
2026-04-23T17:47:00 | INFO     | build_tuples | Built tuple: blocksworld_train_0004_288390
2026-04-23T17:47:00 | INFO     | build_tuples | Built tuple: blocksworld_train_0005_256788
2026-04-23T17:47:00 | INFO     | build_tuples | Built tuple: blocksworld_train_0006_234054
2026-04-23T17:47:00 | INFO     | build_tuples | Built tuple: blocksworld_train_0007_146317
2026-04-23T17:47:00 | INFO     | build_tuples | Built tuple: blocksworld_train_0008_772247
2026-04-23T17:47:00 | INFO     | build_tuples | Built tuple: blocksworld_train_0009_107474
2026-04-23T17:47:00 | INFO     | build_tuples | Built tuple: blocksworld_train_0010_709571
2026-04-23T17:47:00 | INFO     | build_tuples | Built tuple: blocksworld_train_0012_935519
2026-04-23T17:47:00 | INFO     | build_tuples | Built tuple: blocksworld_train_0013_571859
2026-04-23T17:47:00 | INFO     | build_tuples | Built tuple: blocksworld_train_0014_91162
2026-04-23T17:47:00 | INFO     | build_tuples | Built tuple: blocksworld_train_0015_619177
2026-04-23T17:47:00 | INFO     | build_tuples | Built tuple: blocksworld_train_0016_442418
2026-04-23T17:47:00 | INFO     | build_tuples | Built tuple: blocksworld_train_0017_33327
2026-04-23T17:47:00 | INFO     | build_tuples | Built tuple: blocksworld_train_0018_31245
2026-04-23T17:47:00 | INFO     | build_tuples | Built tuple: blocksworld_train_0019_98247
2026-04-23T17:47:00 | INFO     | build_tuples | Built tuple: blocksworld_train_0020_229259
2026-04-23T17:47:00 | INFO     | build_tuples | Built tuple: blocksworld_train_0021_243963
2026-04-23T17:47:00 | INFO     | build_tuples | Built tuple: blocksworld_train_0022_529904
2026-04-23T17:47:00 | INFO     | build_tuples | Built tuple: blocksworld_train_0023_631263
2026-04-23T17:47:00 | INFO     | build_tuples | Built tuple: childsnack_train_0000_670488
2026-04-23T17:47:00 | INFO     | build_tuples | Built tuple: childsnack_train_0001_116740
2026-04-23T17:47:00 | INFO     | build_tuples | Built tuple: childsnack_train_0002_26226
2026-04-23T17:47:00 | INFO     | build_tuples | Built tuple: childsnack_train_0003_777573
2026-04-23T17:47:00 | INFO     | build_tuples | Built tuple: childsnack_train_0004_288390
2026-04-23T17:47:00 | INFO     | build_tuples | Built tuple: delivery_train_0000_670488
2026-04-23T17:47:00 | INFO     | build_tuples | Built tuple: delivery_train_0001_116740
2026-04-23T17:47:00 | INFO     | build_tuples | Built tuple: delivery_train_0002_26226
2026-04-23T17:47:00 | INFO     | build_tuples | Built tuple: delivery_train_0003_777573
2026-04-23T17:47:00 | INFO     | build_tuples | Built tuple: delivery_train_0004_288390
2026-04-23T17:47:00 | INFO     | build_tuples | Built tuple: delivery_train_0005_256788
2026-04-23T17:47:00 | INFO     | build_tuples | Built tuple: delivery_train_0006_234054
2026-04-23T17:47:00 | INFO     | build_tuples | Built tuple: delivery_train_0007_146317
2026-04-23T17:47:00 | INFO     | build_tuples | Built tuple: delivery_train_0008_772247
2026-04-23T17:47:00 | INFO     | build_tuples | Built tuple: delivery_train_0009_107474
2026-04-23T17:47:00 | INFO     | build_tuples | Built tuple: delivery_train_0010_709571
2026-04-23T17:47:00 | INFO     | build_tuples | Built tuple: delivery_train_0011_776647
2026-04-23T17:47:00 | INFO     | build_tuples | Built tuple: delivery_train_0012_935519
2026-04-23T17:47:00 | INFO     | build_tuples | Built tuple: delivery_train_0013_571859
2026-04-23T17:47:00 | INFO     | build_tuples | Built tuple: delivery_train_0014_91162
2026-04-23T17:47:00 | INFO     | build_tuples | Built tuple: delivery_train_0015_619177
2026-04-23T17:47:00 | INFO     | build_tuples | Built tuple: delivery_train_0016_442418
2026-04-23T17:47:00 | INFO     | build_tuples | Built tuple: delivery_train_0017_33327
2026-04-23T17:47:00 | INFO     | build_tuples | Built tuple: delivery_train_0018_31245
2026-04-23T17:47:00 | INFO     | build_tuples | Built tuple: delivery_train_0019_98247
2026-04-23T17:47:00 | INFO     | build_tuples | Built tuple: delivery_train_0020_229259
2026-04-23T17:47:00 | INFO     | build_tuples | Built tuple: delivery_train_0021_243963
2026-04-23T17:47:00 | INFO     | build_tuples | Built tuple: delivery_train_0022_529904
2026-04-23T17:47:00 | INFO     | build_tuples | Built tuple: delivery_train_0023_631263
2026-04-23T17:47:00 | INFO     | build_tuples | Built tuple: delivery_train_0024_27825
2026-04-23T17:47:00 | INFO     | build_tuples | Built tuple: ferry_train_0000_670488
2026-04-23T17:47:00 | INFO     | build_tuples | Built tuple: ferry_train_0001_116740
2026-04-23T17:47:00 | INFO     | build_tuples | Built tuple: ferry_train_0002_26226
2026-04-23T17:47:00 | INFO     | build_tuples | Built tuple: ferry_train_0003_777573
2026-04-23T17:47:00 | INFO     | build_tuples | Built tuple: ferry_train_0004_288390
2026-04-23T17:47:00 | INFO     | build_tuples | Built tuple: floortile_train_0000_670488
2026-04-23T17:47:00 | INFO     | build_tuples | Built tuple: floortile_train_0001_116740
2026-04-23T17:47:00 | INFO     | build_tuples | Built tuple: floortile_train_0002_26226
2026-04-23T17:47:00 | INFO     | build_tuples | Built tuple: floortile_train_0003_777573
2026-04-23T17:47:00 | INFO     | build_tuples | Built tuple: floortile_train_0004_288390
2026-04-23T17:47:00 | INFO     | build_tuples | Built tuple: gripper_train_0000_670488
2026-04-23T17:47:00 | INFO     | build_tuples | Built tuple: gripper_train_0001_116740
2026-04-23T17:47:00 | INFO     | build_tuples | Built tuple: gripper_train_0002_26226
2026-04-23T17:47:00 | INFO     | build_tuples | Built tuple: gripper_train_0003_777573
2026-04-23T17:47:00 | INFO     | build_tuples | Built tuple: gripper_train_0004_288390
2026-04-23T17:47:00 | INFO     | build_tuples | Built tuple: miconic_heldout_0000_670488
2026-04-23T17:47:00 | INFO     | build_tuples | Built tuple: miconic_heldout_0001_116740
2026-04-23T17:47:00 | INFO     | build_tuples | Built tuple: miconic_heldout_0002_26226
2026-04-23T17:47:00 | INFO     | build_tuples | Built tuple: miconic_heldout_0003_777573
2026-04-23T17:47:00 | INFO     | build_tuples | Built tuple: miconic_heldout_0004_288390
2026-04-23T17:47:00 | INFO     | build_tuples | Built tuple: miconic_train_0000_670488
2026-04-23T17:47:00 | INFO     | build_tuples | Built tuple: rovers_train_0000_670488
2026-04-23T17:47:00 | INFO     | build_tuples | Built tuple: rovers_train_0001_116740
2026-04-23T17:47:00 | INFO     | build_tuples | Built tuple: rovers_train_0002_26226
2026-04-23T17:47:00 | INFO     | build_tuples | Built tuple: rovers_train_0003_777573
2026-04-23T17:47:00 | INFO     | build_tuples | Built tuple: rovers_train_0004_288390
2026-04-23T17:47:00 | INFO     | build_tuples | Built tuple: satellite_heldout_0000_670488
2026-04-23T17:47:00 | INFO     | build_tuples | Built tuple: satellite_heldout_0001_116740
2026-04-23T17:47:00 | INFO     | build_tuples | Built tuple: satellite_heldout_0002_26226
2026-04-23T17:47:00 | INFO     | build_tuples | Built tuple: satellite_heldout_0003_777573
2026-04-23T17:47:00 | INFO     | build_tuples | Built tuple: satellite_heldout_0004_288390
2026-04-23T17:47:00 | INFO     | build_tuples | Built tuple: satellite_train_0000_670488
2026-04-23T17:47:00 | INFO     | build_tuples | Built tuple: sokoban_heldout_0000_670488
2026-04-23T17:47:00 | INFO     | build_tuples | Built tuple: sokoban_heldout_0001_116740
2026-04-23T17:47:00 | INFO     | build_tuples | Built tuple: sokoban_heldout_0002_26226
2026-04-23T17:47:00 | INFO     | build_tuples | Built tuple: sokoban_heldout_0003_777573
2026-04-23T17:47:00 | INFO     | build_tuples | Built tuple: sokoban_heldout_0004_288390
2026-04-23T17:47:00 | INFO     | build_tuples | Built tuple: sokoban_heldout_0005_256788
2026-04-23T17:47:00 | INFO     | build_tuples | Built tuple: sokoban_heldout_0006_234054
2026-04-23T17:47:00 | INFO     | build_tuples | Built tuple: sokoban_heldout_0007_146317
2026-04-23T17:47:00 | INFO     | build_tuples | Built tuple: sokoban_heldout_0009_107474
2026-04-23T17:47:00 | INFO     | build_tuples | Built tuple: sokoban_heldout_0011_776647
2026-04-23T17:47:00 | INFO     | build_tuples | Built tuple: sokoban_heldout_0012_935519
2026-04-23T17:47:00 | INFO     | build_tuples | Built tuple: sokoban_heldout_0013_571859
2026-04-23T17:47:00 | INFO     | build_tuples | Built tuple: sokoban_heldout_0015_619177
2026-04-23T17:47:00 | INFO     | build_tuples | Built tuple: sokoban_heldout_0016_442418
2026-04-23T17:47:00 | INFO     | build_tuples | Built tuple: sokoban_heldout_0017_33327
2026-04-23T17:47:00 | INFO     | build_tuples | Built tuple: sokoban_heldout_0018_31245
2026-04-23T17:47:00 | INFO     | build_tuples | Built tuple: sokoban_heldout_0019_98247
2026-04-23T17:47:00 | INFO     | build_tuples | Built tuple: sokoban_heldout_0021_243963
2026-04-23T17:47:01 | INFO     | build_tuples | Built tuple: sokoban_heldout_0022_529904
2026-04-23T17:47:01 | INFO     | build_tuples | Built tuple: sokoban_heldout_0023_631263
2026-04-23T17:47:01 | INFO     | build_tuples | Built tuple: sokoban_heldout_0024_27825
2026-04-23T17:47:01 | INFO     | build_tuples | Built tuple: sokoban_train_0000_670488
2026-04-23T17:47:01 | INFO     | build_tuples | Built tuple: spanner_train_0000_670488
2026-04-23T17:47:01 | INFO     | build_tuples | Built tuple: spanner_train_0001_116740
2026-04-23T17:47:01 | INFO     | build_tuples | Built tuple: spanner_train_0002_26226
2026-04-23T17:47:01 | INFO     | build_tuples | Built tuple: spanner_train_0003_777573
2026-04-23T17:47:01 | INFO     | build_tuples | Built tuple: spanner_train_0004_288390
2026-04-23T17:47:01 | INFO     | build_tuples | Built tuple: transport_heldout_0000_670488
2026-04-23T17:47:01 | INFO     | build_tuples | Built tuple: transport_heldout_0001_116740
2026-04-23T17:47:01 | INFO     | build_tuples | Built tuple: transport_heldout_0002_26226
2026-04-23T17:47:01 | INFO     | build_tuples | Built tuple: transport_heldout_0003_777573
2026-04-23T17:47:01 | INFO     | build_tuples | Built tuple: transport_heldout_0004_288390
2026-04-23T17:47:01 | INFO     | build_tuples | Built tuple: transport_train_0000_670488
2026-04-23T17:47:01 | INFO     | build_tuples | Total tuples built: 118
