
=====================================================================
This module is only for creating or activating Python environments:
$ mamba create -n myenv -c conda-forge python=3 <package_name>
$ source activate myenv

Only run "pip install" after activating an environment.
Running pip without activating an environment is known to cause issues.

To list available environments:
$ mamba info --envs

Other uses are not tested. More info: https://links.asu.edu/solpy
=====================================================================

  
2026-04-25T12:02:59 | INFO     | dataset.build_sft_dataset | Wrote 202 rows to /home/mrathod4/TARS/data/datasets/alpaca/phase1_standard_train.jsonl
2026-04-25T12:02:59 | INFO     | dataset.build_sft_dataset | Wrote 202 rows to /home/mrathod4/TARS/data/datasets/alpaca/phase1_anonymized_train.jsonl
2026-04-25T12:02:59 | INFO     | dataset.build_sft_dataset | Wrote 202 rows to /home/mrathod4/TARS/data/datasets/alpaca/phase1_compact_train.jsonl
2026-04-25T12:02:59 | INFO     | dataset.build_sft_dataset | Wrote dataset_info.json with 9 datasets
2026-04-25T12:02:59 | INFO     | dataset.dedupe | Dedupe phase1_anonymized_heldout.jsonl: 36 total -> 36 kept (0 removed)
2026-04-25T12:02:59 | INFO     | dataset.dedupe | Dedupe phase1_anonymized_train.jsonl: 202 total -> 170 kept (32 removed)
2026-04-25T12:02:59 | INFO     | dataset.dedupe | Dedupe phase1_compact_heldout.jsonl: 36 total -> 36 kept (0 removed)
2026-04-25T12:02:59 | INFO     | dataset.dedupe | Dedupe phase1_compact_train.jsonl: 202 total -> 178 kept (24 removed)
2026-04-25T12:02:59 | INFO     | dataset.dedupe | Dedupe phase1_standard_heldout.jsonl: 36 total -> 36 kept (0 removed)
2026-04-25T12:02:59 | INFO     | dataset.dedupe | Dedupe phase1_standard_train.jsonl: 202 total -> 178 kept (24 removed)
2026-04-25T12:02:59 | INFO     | dataset.stats | phase1_anonymized_heldout.jsonl: count=36 out_words=138.8±(9–552)
2026-04-25T12:02:59 | INFO     | dataset.stats | phase1_anonymized_train.jsonl: count=170 out_words=43.4±(9–105)
2026-04-25T12:02:59 | INFO     | dataset.stats | phase1_compact_heldout.jsonl: count=36 out_words=138.8±(9–552)
2026-04-25T12:02:59 | INFO     | dataset.stats | phase1_compact_train.jsonl: count=178 out_words=44.1±(9–105)
2026-04-25T12:02:59 | INFO     | dataset.stats | phase1_standard_heldout.jsonl: count=36 out_words=138.8±(9–552)
2026-04-25T12:02:59 | INFO     | dataset.stats | phase1_standard_train.jsonl: count=178 out_words=44.1±(9–105)
2026-04-25T12:02:59 | INFO     | dataset.build_sft_dataset | Wrote 96 rows to /home/mrathod4/TARS/data/datasets/alpaca/phase1_standard_heldout.jsonl
2026-04-25T12:02:59 | INFO     | dataset.build_sft_dataset | Wrote 96 rows to /home/mrathod4/TARS/data/datasets/alpaca/phase1_anonymized_heldout.jsonl
2026-04-25T12:02:59 | INFO     | dataset.build_sft_dataset | Wrote 96 rows to /home/mrathod4/TARS/data/datasets/alpaca/phase1_compact_heldout.jsonl
2026-04-25T12:02:59 | INFO     | dataset.build_sft_dataset | Wrote dataset_info.json with 9 datasets
2026-04-25T12:02:59 | INFO     | dataset.dedupe | Dedupe phase1_anonymized_heldout.jsonl: 96 total -> 94 kept (2 removed)
2026-04-25T12:02:59 | INFO     | dataset.dedupe | Dedupe phase1_anonymized_train.jsonl: 170 total -> 170 kept (0 removed)
2026-04-25T12:02:59 | INFO     | dataset.dedupe | Dedupe phase1_compact_heldout.jsonl: 96 total -> 94 kept (2 removed)
2026-04-25T12:02:59 | INFO     | dataset.dedupe | Dedupe phase1_compact_train.jsonl: 178 total -> 178 kept (0 removed)
2026-04-25T12:02:59 | INFO     | dataset.dedupe | Dedupe phase1_standard_heldout.jsonl: 96 total -> 94 kept (2 removed)
2026-04-25T12:02:59 | INFO     | dataset.dedupe | Dedupe phase1_standard_train.jsonl: 178 total -> 178 kept (0 removed)
2026-04-25T12:02:59 | INFO     | dataset.stats | phase1_anonymized_heldout.jsonl: count=94 out_words=83.6±(9–552)
2026-04-25T12:02:59 | INFO     | dataset.stats | phase1_anonymized_train.jsonl: count=170 out_words=43.4±(9–105)
2026-04-25T12:02:59 | INFO     | dataset.stats | phase1_compact_heldout.jsonl: count=94 out_words=83.6±(9–552)
2026-04-25T12:02:59 | INFO     | dataset.stats | phase1_compact_train.jsonl: count=178 out_words=44.1±(9–105)
2026-04-25T12:02:59 | INFO     | dataset.stats | phase1_standard_heldout.jsonl: count=94 out_words=83.6±(9–552)
2026-04-25T12:02:59 | INFO     | dataset.stats | phase1_standard_train.jsonl: count=178 out_words=44.1±(9–105)
