
=====================================================================
This module is only for creating or activating Python environments:
$ mamba create -n myenv -c conda-forge python=3 <package_name>
$ source activate myenv

Only run "pip install" after activating an environment.
Running pip without activating an environment is known to cause issues.

To list available environments:
$ mamba info --envs

Other uses are not tested. More info: https://links.asu.edu/solpy
=====================================================================

  
2026-04-22T17:56:40 | INFO     | dataset.build_sft_dataset | Wrote 0 rows to /home/mrathod4/TARS/data/datasets/alpaca/phase1_standard.jsonl
2026-04-22T17:56:40 | INFO     | dataset.build_sft_dataset | Wrote 0 rows to /home/mrathod4/TARS/data/datasets/alpaca/phase1_anonymized.jsonl
2026-04-22T17:56:40 | INFO     | dataset.build_sft_dataset | Wrote 0 rows to /home/mrathod4/TARS/data/datasets/alpaca/phase1_compact.jsonl
2026-04-22T17:56:40 | INFO     | dataset.build_sft_dataset | Wrote dataset_info.json with 3 datasets
2026-04-22T17:56:40 | INFO     | dataset.dedupe | Dedupe phase1_anonymized.jsonl: 0 total -> 0 kept (0 removed)
2026-04-22T17:56:40 | INFO     | dataset.dedupe | Dedupe phase1_compact.jsonl: 0 total -> 0 kept (0 removed)
2026-04-22T17:56:40 | INFO     | dataset.dedupe | Dedupe phase1_standard.jsonl: 0 total -> 0 kept (0 removed)
2026-04-22T17:56:40 | INFO     | dataset.stats | phase1_anonymized.jsonl: count=0 out_words=0.0±(0–0)
2026-04-22T17:56:40 | INFO     | dataset.stats | phase1_compact.jsonl: count=0 out_words=0.0±(0–0)
2026-04-22T17:56:40 | INFO     | dataset.stats | phase1_standard.jsonl: count=0 out_words=0.0±(0–0)
2026-04-22T17:56:41 | INFO     | dataset.build_sft_dataset | Wrote 0 rows to /home/mrathod4/TARS/data/datasets/alpaca/phase1_standard.jsonl
2026-04-22T17:56:41 | INFO     | dataset.build_sft_dataset | Wrote 0 rows to /home/mrathod4/TARS/data/datasets/alpaca/phase1_anonymized.jsonl
2026-04-22T17:56:41 | INFO     | dataset.build_sft_dataset | Wrote 0 rows to /home/mrathod4/TARS/data/datasets/alpaca/phase1_compact.jsonl
2026-04-22T17:56:41 | INFO     | dataset.build_sft_dataset | Wrote dataset_info.json with 3 datasets
2026-04-22T17:56:41 | INFO     | dataset.dedupe | Dedupe phase1_anonymized.jsonl: 0 total -> 0 kept (0 removed)
2026-04-22T17:56:41 | INFO     | dataset.dedupe | Dedupe phase1_compact.jsonl: 0 total -> 0 kept (0 removed)
2026-04-22T17:56:41 | INFO     | dataset.dedupe | Dedupe phase1_standard.jsonl: 0 total -> 0 kept (0 removed)
2026-04-22T17:56:41 | INFO     | dataset.stats | phase1_anonymized.jsonl: count=0 out_words=0.0±(0–0)
2026-04-22T17:56:41 | INFO     | dataset.stats | phase1_compact.jsonl: count=0 out_words=0.0±(0–0)
2026-04-22T17:56:41 | INFO     | dataset.stats | phase1_standard.jsonl: count=0 out_words=0.0±(0–0)
