-- The C compiler identification is GNU 15.2.0
-- The CXX compiler identification is GNU 15.2.0
-- Detecting C compiler ABI info
-- Detecting C compiler ABI info - done
-- Check for working C compiler: /packages/apps/gcc/15.2.0/bin/gcc - skipped
-- Detecting C compile features
-- Detecting C compile features - done
-- Detecting CXX compiler ABI info
-- Detecting CXX compiler ABI info - done
-- Check for working CXX compiler: /packages/apps/gcc/15.2.0/bin/g++ - skipped
-- Detecting CXX compile features
-- Detecting CXX compile features - done
-- Building for 64-bit.
-- Performing Test CMAKE_HAVE_LIBC_PTHREAD
-- Performing Test CMAKE_HAVE_LIBC_PTHREAD - Failed
-- Looking for pthread_create in pthreads
-- Looking for pthread_create in pthreads - not found
-- Looking for pthread_create in pthread
-- Looking for pthread_create in pthread - found
-- Found Threads: TRUE  
-- Could NOT find Cplex: Found unsuitable version "CPLEX_VERSION-NOTFOUND", but required is at least "12" (found CPLEX_INCLUDE_DIRS-NOTFOUND)
-- Configuring done (3.7s)
-- Generating done (0.4s)
-- Build files have been written to: /home/mrathod4/TARS/third_party/downward/builds/release
Copying translator module into output directory
[  1%] Building CXX object search/CMakeFiles/downward.dir/axioms.cc.o
[  1%] Building CXX object search/CMakeFiles/downward.dir/planner.cc.o
[  1%] Building CXX object search/CMakeFiles/downward.dir/abstract_task.cc.o
[  1%] Built target translate
[  1%] Building CXX object search/CMakeFiles/downward.dir/command_line.cc.o
[  2%] Building CXX object search/CMakeFiles/downward.dir/evaluation_result.cc.o
[  2%] Building CXX object search/CMakeFiles/downward.dir/evaluation_context.cc.o
[  3%] Building CXX object search/CMakeFiles/downward.dir/evaluator.cc.o
[  3%] Building CXX object search/CMakeFiles/downward.dir/evaluator_cache.cc.o
[  3%] Building CXX object search/CMakeFiles/downward.dir/heuristic.cc.o
[  4%] Building CXX object search/CMakeFiles/downward.dir/open_list_factory.cc.o
[  4%] Building CXX object search/CMakeFiles/downward.dir/operator_cost.cc.o
[  5%] Building CXX object search/CMakeFiles/downward.dir/operator_id.cc.o
[  5%] Building CXX object search/CMakeFiles/downward.dir/per_state_bitset.cc.o
[  6%] Building CXX object search/CMakeFiles/downward.dir/plan_manager.cc.o
[  6%] Building CXX object search/CMakeFiles/downward.dir/pruning_method.cc.o
[  6%] Building CXX object search/CMakeFiles/downward.dir/search_algorithm.cc.o
[  7%] Building CXX object search/CMakeFiles/downward.dir/search_node_info.cc.o
[  7%] Building CXX object search/CMakeFiles/downward.dir/search_progress.cc.o
[  8%] Building CXX object search/CMakeFiles/downward.dir/search_space.cc.o
[  8%] Building CXX object search/CMakeFiles/downward.dir/search_statistics.cc.o
[  9%] Building CXX object search/CMakeFiles/downward.dir/state_id.cc.o
[  9%] Building CXX object search/CMakeFiles/downward.dir/state_registry.cc.o
[  9%] Building CXX object search/CMakeFiles/downward.dir/task_proxy.cc.o
[ 10%] Building CXX object search/CMakeFiles/downward.dir/task_utils/causal_graph.cc.o
[ 10%] Building CXX object search/CMakeFiles/downward.dir/algorithms/int_packer.cc.o
[ 11%] Building CXX object search/CMakeFiles/downward.dir/task_utils/successor_generator.cc.o
[ 11%] Building CXX object search/CMakeFiles/downward.dir/task_utils/successor_generator_factory.cc.o
[ 12%] Building CXX object search/CMakeFiles/downward.dir/task_utils/successor_generator_internals.cc.o
[ 12%] Building CXX object search/CMakeFiles/downward.dir/task_utils/task_properties.cc.o
[ 12%] Building CXX object search/CMakeFiles/downward.dir/plugins/bounds.cc.o
[ 13%] Building CXX object search/CMakeFiles/downward.dir/plugins/doc_printer.cc.o
[ 13%] Building CXX object search/CMakeFiles/downward.dir/plugins/options.cc.o
[ 14%] Building CXX object search/CMakeFiles/downward.dir/plugins/plugin.cc.o
[ 14%] Building CXX object search/CMakeFiles/downward.dir/plugins/plugin_info.cc.o
[ 15%] Building CXX object search/CMakeFiles/downward.dir/plugins/raw_registry.cc.o
[ 15%] Building CXX object search/CMakeFiles/downward.dir/plugins/registry.cc.o
[ 15%] Building CXX object search/CMakeFiles/downward.dir/plugins/types.cc.o
[ 16%] Building CXX object search/CMakeFiles/downward.dir/parser/abstract_syntax_tree.cc.o
[ 16%] Building CXX object search/CMakeFiles/downward.dir/parser/decorated_abstract_syntax_tree.cc.o
[ 17%] Building CXX object search/CMakeFiles/downward.dir/parser/lexical_analyzer.cc.o
[ 17%] Building CXX object search/CMakeFiles/downward.dir/parser/syntax_analyzer.cc.o
[ 18%] Building CXX object search/CMakeFiles/downward.dir/parser/token_stream.cc.o
[ 18%] Building CXX object search/CMakeFiles/downward.dir/utils/countdown_timer.cc.o
[ 18%] Building CXX object search/CMakeFiles/downward.dir/utils/component_errors.cc.o
[ 19%] Building CXX object search/CMakeFiles/downward.dir/utils/exceptions.cc.o
[ 19%] Building CXX object search/CMakeFiles/downward.dir/utils/logging.cc.o
[ 20%] Building CXX object search/CMakeFiles/downward.dir/utils/markup.cc.o
[ 20%] Building CXX object search/CMakeFiles/downward.dir/utils/math.cc.o
[ 21%] Building CXX object search/CMakeFiles/downward.dir/utils/memory.cc.o
[ 21%] Building CXX object search/CMakeFiles/downward.dir/utils/rng.cc.o
[ 21%] Building CXX object search/CMakeFiles/downward.dir/utils/rng_options.cc.o
[ 22%] Building CXX object search/CMakeFiles/downward.dir/utils/strings.cc.o
[ 22%] Building CXX object search/CMakeFiles/downward.dir/utils/system.cc.o
[ 23%] Building CXX object search/CMakeFiles/downward.dir/utils/system_unix.cc.o
[ 23%] Building CXX object search/CMakeFiles/downward.dir/utils/system_windows.cc.o
[ 24%] Building CXX object search/CMakeFiles/downward.dir/utils/task_lexer.cc.o
[ 24%] Building CXX object search/CMakeFiles/downward.dir/utils/timer.cc.o
[ 24%] Building CXX object search/CMakeFiles/downward.dir/open_lists/alternation_open_list.cc.o
[ 25%] Building CXX object search/CMakeFiles/downward.dir/open_lists/best_first_open_list.cc.o
[ 25%] Building CXX object search/CMakeFiles/downward.dir/open_lists/epsilon_greedy_open_list.cc.o
[ 26%] Building CXX object search/CMakeFiles/downward.dir/open_lists/pareto_open_list.cc.o
[ 26%] Building CXX object search/CMakeFiles/downward.dir/open_lists/tiebreaking_open_list.cc.o
[ 27%] Building CXX object search/CMakeFiles/downward.dir/open_lists/type_based_open_list.cc.o
[ 27%] Building CXX object search/CMakeFiles/downward.dir/evaluators/subcategory.cc.o
[ 27%] Building CXX object search/CMakeFiles/downward.dir/evaluators/const_evaluator.cc.o
[ 28%] Building CXX object search/CMakeFiles/downward.dir/evaluators/g_evaluator.cc.o
[ 28%] Building CXX object search/CMakeFiles/downward.dir/evaluators/max_evaluator.cc.o
[ 29%] Building CXX object search/CMakeFiles/downward.dir/evaluators/combining_evaluator.cc.o
[ 29%] Building CXX object search/CMakeFiles/downward.dir/evaluators/pref_evaluator.cc.o
[ 30%] Building CXX object search/CMakeFiles/downward.dir/evaluators/weighted_evaluator.cc.o
[ 30%] Building CXX object search/CMakeFiles/downward.dir/evaluators/sum_evaluator.cc.o
[ 30%] Building CXX object search/CMakeFiles/downward.dir/pruning/limited_pruning.cc.o
[ 31%] Building CXX object search/CMakeFiles/downward.dir/pruning/stubborn_sets_atom_centric.cc.o
[ 32%] Building CXX object search/CMakeFiles/downward.dir/pruning/stubborn_sets.cc.o
[ 32%] Building CXX object search/CMakeFiles/downward.dir/pruning/stubborn_sets_simple.cc.o
[ 32%] Building CXX object search/CMakeFiles/downward.dir/pruning/stubborn_sets_action_centric.cc.o
[ 33%] Building CXX object search/CMakeFiles/downward.dir/pruning/stubborn_sets_ec.cc.o
[ 33%] Building CXX object search/CMakeFiles/downward.dir/search_algorithms/plugin_astar.cc.o
[ 33%] Building CXX object search/CMakeFiles/downward.dir/search_algorithms/eager_search.cc.o
[ 34%] Building CXX object search/CMakeFiles/downward.dir/pruning/null_pruning_method.cc.o
[ 34%] Building CXX object search/CMakeFiles/downward.dir/search_algorithms/search_common.cc.o
[ 35%] Building CXX object search/CMakeFiles/downward.dir/search_algorithms/plugin_eager.cc.o
[ 35%] Building CXX object search/CMakeFiles/downward.dir/search_algorithms/plugin_eager_greedy.cc.o
[ 36%] Building CXX object search/CMakeFiles/downward.dir/search_algorithms/plugin_eager_wastar.cc.o
[ 36%] Building CXX object search/CMakeFiles/downward.dir/search_algorithms/plugin_lazy.cc.o
[ 36%] Building CXX object search/CMakeFiles/downward.dir/search_algorithms/lazy_search.cc.o
[ 37%] Building CXX object search/CMakeFiles/downward.dir/search_algorithms/plugin_lazy_greedy.cc.o
[ 37%] Building CXX object search/CMakeFiles/downward.dir/search_algorithms/plugin_lazy_wastar.cc.o
[ 38%] Building CXX object search/CMakeFiles/downward.dir/search_algorithms/enforced_hill_climbing_search.cc.o
[ 38%] Building CXX object search/CMakeFiles/downward.dir/search_algorithms/iterated_search.cc.o
[ 39%] Building CXX object search/CMakeFiles/downward.dir/heuristics/additive_heuristic.cc.o
[ 39%] Building CXX object search/CMakeFiles/downward.dir/heuristics/relaxation_heuristic.cc.o
[ 39%] Building CXX object search/CMakeFiles/downward.dir/tasks/default_value_axioms_task.cc.o
[ 40%] Building CXX object search/CMakeFiles/downward.dir/tasks/cost_adapted_task.cc.o
[ 40%] Building CXX object search/CMakeFiles/downward.dir/tasks/delegating_task.cc.o
[ 41%] Building CXX object search/CMakeFiles/downward.dir/tasks/root_task.cc.o
[ 41%] Building CXX object search/CMakeFiles/downward.dir/algorithms/sccs.cc.o
[ 42%] Building CXX object search/CMakeFiles/downward.dir/heuristics/blind_search_heuristic.cc.o
[ 42%] Building CXX object search/CMakeFiles/downward.dir/heuristics/cea_heuristic.cc.o
[ 42%] Building CXX object search/CMakeFiles/downward.dir/heuristics/domain_transition_graph.cc.o
[ 43%] Building CXX object search/CMakeFiles/downward.dir/heuristics/cg_heuristic.cc.o
[ 43%] Building CXX object search/CMakeFiles/downward.dir/heuristics/cg_cache.cc.o
[ 44%] Building CXX object search/CMakeFiles/downward.dir/heuristics/ff_heuristic.cc.o
[ 44%] Building CXX object search/CMakeFiles/downward.dir/heuristics/goal_count_heuristic.cc.o
[ 45%] Building CXX object search/CMakeFiles/downward.dir/heuristics/hm_heuristic.cc.o
[ 45%] Building CXX object search/CMakeFiles/downward.dir/heuristics/lm_cut_heuristic.cc.o
[ 45%] Building CXX object search/CMakeFiles/downward.dir/heuristics/lm_cut_landmarks.cc.o
[ 46%] Building CXX object search/CMakeFiles/downward.dir/heuristics/max_heuristic.cc.o
[ 46%] Building CXX object search/CMakeFiles/downward.dir/cartesian_abstractions/abstraction.cc.o
[ 47%] Building CXX object search/CMakeFiles/downward.dir/cartesian_abstractions/abstract_search.cc.o
[ 47%] Building CXX object search/CMakeFiles/downward.dir/cartesian_abstractions/abstract_state.cc.o
[ 48%] Building CXX object search/CMakeFiles/downward.dir/cartesian_abstractions/additive_cartesian_heuristic.cc.o
[ 48%] Building CXX object search/CMakeFiles/downward.dir/cartesian_abstractions/cartesian_heuristic_function.cc.o
[ 48%] Building CXX object search/CMakeFiles/downward.dir/cartesian_abstractions/cartesian_set.cc.o
[ 49%] Building CXX object search/CMakeFiles/downward.dir/cartesian_abstractions/cegar.cc.o
[ 49%] Building CXX object search/CMakeFiles/downward.dir/cartesian_abstractions/cost_saturation.cc.o
[ 50%] Building CXX object search/CMakeFiles/downward.dir/cartesian_abstractions/refinement_hierarchy.cc.o
[ 50%] Building CXX object search/CMakeFiles/downward.dir/cartesian_abstractions/split_selector.cc.o
[ 51%] Building CXX object search/CMakeFiles/downward.dir/cartesian_abstractions/subtask_generators.cc.o
[ 51%] Building CXX object search/CMakeFiles/downward.dir/cartesian_abstractions/transition_system.cc.o
[ 51%] Building CXX object search/CMakeFiles/downward.dir/cartesian_abstractions/utils.cc.o
[ 52%] Building CXX object search/CMakeFiles/downward.dir/cartesian_abstractions/utils_landmarks.cc.o
[ 52%] Building CXX object search/CMakeFiles/downward.dir/tasks/domain_abstracted_task.cc.o
[ 53%] Building CXX object search/CMakeFiles/downward.dir/tasks/domain_abstracted_task_factory.cc.o
[ 53%] Building CXX object search/CMakeFiles/downward.dir/tasks/modified_goals_task.cc.o
[ 54%] Building CXX object search/CMakeFiles/downward.dir/tasks/modified_operator_costs_task.cc.o
[ 54%] Building CXX object search/CMakeFiles/downward.dir/landmarks/exploration.cc.o
[ 54%] Building CXX object search/CMakeFiles/downward.dir/landmarks/landmark.cc.o
[ 55%] Building CXX object search/CMakeFiles/downward.dir/landmarks/landmark_cost_partitioning_algorithms.cc.o
[ 55%] Building CXX object search/CMakeFiles/downward.dir/landmarks/landmark_cost_partitioning_heuristic.cc.o
[ 56%] Building CXX object search/CMakeFiles/downward.dir/landmarks/landmark_factory.cc.o
[ 56%] Building CXX object search/CMakeFiles/downward.dir/landmarks/landmark_factory_hm.cc.o
[ 57%] Building CXX object search/CMakeFiles/downward.dir/landmarks/landmark_factory_reasonable_orders_hps.cc.o
[ 57%] Building CXX object search/CMakeFiles/downward.dir/landmarks/landmark_factory_merged.cc.o
[ 57%] Building CXX object search/CMakeFiles/downward.dir/landmarks/landmark_factory_relaxation.cc.o
[ 58%] Building CXX object search/CMakeFiles/downward.dir/landmarks/landmark_factory_rpg_exhaust.cc.o
[ 58%] Building CXX object search/CMakeFiles/downward.dir/landmarks/landmark_factory_rpg_sasp.cc.o
[ 59%] Building CXX object search/CMakeFiles/downward.dir/landmarks/landmark_factory_zhu_givan.cc.o
[ 59%] Building CXX object search/CMakeFiles/downward.dir/landmarks/landmark_graph.cc.o
[ 60%] Building CXX object search/CMakeFiles/downward.dir/landmarks/landmark_heuristic.cc.o
[ 60%] Building CXX object search/CMakeFiles/downward.dir/landmarks/landmark_status_manager.cc.o
[ 60%] Building CXX object search/CMakeFiles/downward.dir/landmarks/landmark_sum_heuristic.cc.o
[ 61%] Building CXX object search/CMakeFiles/downward.dir/landmarks/util.cc.o
[ 61%] Building CXX object search/CMakeFiles/downward.dir/lp/lp_solver.cc.o
[ 62%] Building CXX object search/CMakeFiles/downward.dir/merge_and_shrink/distances.cc.o
[ 62%] Building CXX object search/CMakeFiles/downward.dir/merge_and_shrink/factored_transition_system.cc.o
[ 63%] Building CXX object search/CMakeFiles/downward.dir/merge_and_shrink/fts_factory.cc.o
[ 63%] Building CXX object search/CMakeFiles/downward.dir/merge_and_shrink/label_reduction.cc.o
[ 63%] Building CXX object search/CMakeFiles/downward.dir/merge_and_shrink/labels.cc.o
[ 64%] Building CXX object search/CMakeFiles/downward.dir/merge_and_shrink/merge_and_shrink_algorithm.cc.o
[ 64%] Building CXX object search/CMakeFiles/downward.dir/merge_and_shrink/merge_and_shrink_heuristic.cc.o
[ 65%] Building CXX object search/CMakeFiles/downward.dir/merge_and_shrink/merge_and_shrink_representation.cc.o
[ 65%] Building CXX object search/CMakeFiles/downward.dir/merge_and_shrink/merge_scoring_function.cc.o
[ 66%] Building CXX object search/CMakeFiles/downward.dir/merge_and_shrink/merge_scoring_function_dfp.cc.o
[ 66%] Building CXX object search/CMakeFiles/downward.dir/merge_and_shrink/merge_scoring_function_goal_relevance.cc.o
[ 66%] Building CXX object search/CMakeFiles/downward.dir/merge_and_shrink/merge_scoring_function_miasm.cc.o
[ 67%] Building CXX object search/CMakeFiles/downward.dir/merge_and_shrink/merge_scoring_function_miasm_utils.cc.o
[ 67%] Building CXX object search/CMakeFiles/downward.dir/merge_and_shrink/merge_scoring_function_single_random.cc.o
[ 68%] Building CXX object search/CMakeFiles/downward.dir/merge_and_shrink/merge_scoring_function_total_order.cc.o
[ 68%] Building CXX object search/CMakeFiles/downward.dir/merge_and_shrink/merge_selector.cc.o
[ 69%] Building CXX object search/CMakeFiles/downward.dir/merge_and_shrink/merge_selector_score_based_filtering.cc.o
[ 69%] Building CXX object search/CMakeFiles/downward.dir/merge_and_shrink/merge_strategy.cc.o
[ 69%] Building CXX object search/CMakeFiles/downward.dir/merge_and_shrink/merge_strategy_factory.cc.o
[ 70%] Building CXX object search/CMakeFiles/downward.dir/merge_and_shrink/merge_strategy_factory_precomputed.cc.o
[ 70%] Building CXX object search/CMakeFiles/downward.dir/merge_and_shrink/merge_strategy_factory_sccs.cc.o
[ 71%] Building CXX object search/CMakeFiles/downward.dir/merge_and_shrink/merge_strategy_factory_stateless.cc.o
[ 71%] Building CXX object search/CMakeFiles/downward.dir/merge_and_shrink/merge_strategy_precomputed.cc.o
[ 72%] Building CXX object search/CMakeFiles/downward.dir/merge_and_shrink/merge_strategy_sccs.cc.o
[ 72%] Building CXX object search/CMakeFiles/downward.dir/merge_and_shrink/merge_strategy_stateless.cc.o
[ 72%] Building CXX object search/CMakeFiles/downward.dir/merge_and_shrink/merge_tree.cc.o
[ 73%] Building CXX object search/CMakeFiles/downward.dir/merge_and_shrink/merge_tree_factory.cc.o
[ 73%] Building CXX object search/CMakeFiles/downward.dir/merge_and_shrink/merge_tree_factory_linear.cc.o
[ 74%] Building CXX object search/CMakeFiles/downward.dir/merge_and_shrink/shrink_bisimulation.cc.o
[ 74%] Building CXX object search/CMakeFiles/downward.dir/merge_and_shrink/shrink_bucket_based.cc.o
[ 75%] Building CXX object search/CMakeFiles/downward.dir/merge_and_shrink/shrink_fh.cc.o
[ 75%] Building CXX object search/CMakeFiles/downward.dir/merge_and_shrink/shrink_random.cc.o
[ 75%] Building CXX object search/CMakeFiles/downward.dir/merge_and_shrink/shrink_strategy.cc.o
[ 76%] Building CXX object search/CMakeFiles/downward.dir/merge_and_shrink/transition_system.cc.o
[ 76%] Building CXX object search/CMakeFiles/downward.dir/merge_and_shrink/types.cc.o
[ 77%] Building CXX object search/CMakeFiles/downward.dir/merge_and_shrink/utils.cc.o
[ 77%] Building CXX object search/CMakeFiles/downward.dir/algorithms/equivalence_relation.cc.o
[ 78%] Building CXX object search/CMakeFiles/downward.dir/task_utils/variable_order_finder.cc.o
[ 78%] Building CXX object search/CMakeFiles/downward.dir/operator_counting/constraint_generator.cc.o
[ 78%] Building CXX object search/CMakeFiles/downward.dir/operator_counting/delete_relaxation_if_constraints.cc.o
[ 79%] Building CXX object search/CMakeFiles/downward.dir/operator_counting/delete_relaxation_rr_constraints.cc.o
[ 79%] Building CXX object search/CMakeFiles/downward.dir/operator_counting/lm_cut_constraints.cc.o
[ 80%] Building CXX object search/CMakeFiles/downward.dir/operator_counting/operator_counting_heuristic.cc.o
[ 80%] Building CXX object search/CMakeFiles/downward.dir/operator_counting/pho_constraints.cc.o
[ 81%] Building CXX object search/CMakeFiles/downward.dir/operator_counting/state_equation_constraints.cc.o
[ 81%] Building CXX object search/CMakeFiles/downward.dir/pdbs/abstract_operator.cc.o
[ 81%] Building CXX object search/CMakeFiles/downward.dir/pdbs/canonical_pdbs.cc.o
[ 82%] Building CXX object search/CMakeFiles/downward.dir/pdbs/canonical_pdbs_heuristic.cc.o
[ 82%] Building CXX object search/CMakeFiles/downward.dir/pdbs/cegar.cc.o
[ 83%] Building CXX object search/CMakeFiles/downward.dir/pdbs/dominance_pruning.cc.o
[ 83%] Building CXX object search/CMakeFiles/downward.dir/pdbs/incremental_canonical_pdbs.cc.o
[ 84%] Building CXX object search/CMakeFiles/downward.dir/pdbs/match_tree.cc.o
[ 84%] Building CXX object search/CMakeFiles/downward.dir/pdbs/pattern_cliques.cc.o
[ 84%] Building CXX object search/CMakeFiles/downward.dir/pdbs/pattern_collection_information.cc.o
[ 85%] Building CXX object search/CMakeFiles/downward.dir/pdbs/pattern_collection_generator_disjoint_cegar.cc.o
[ 85%] Building CXX object search/CMakeFiles/downward.dir/pdbs/pattern_collection_generator_genetic.cc.o
[ 86%] Building CXX object search/CMakeFiles/downward.dir/pdbs/pattern_collection_generator_hillclimbing.cc.o
[ 86%] Building CXX object search/CMakeFiles/downward.dir/pdbs/pattern_collection_generator_manual.cc.o
[ 87%] Building CXX object search/CMakeFiles/downward.dir/pdbs/pattern_collection_generator_multiple_cegar.cc.o
[ 87%] Building CXX object search/CMakeFiles/downward.dir/pdbs/pattern_collection_generator_multiple_random.cc.o
[ 87%] Building CXX object search/CMakeFiles/downward.dir/pdbs/pattern_collection_generator_multiple.cc.o
[ 88%] Building CXX object search/CMakeFiles/downward.dir/pdbs/pattern_collection_generator_systematic.cc.o
[ 88%] Building CXX object search/CMakeFiles/downward.dir/pdbs/pattern_database_factory.cc.o
[ 89%] Building CXX object search/CMakeFiles/downward.dir/pdbs/pattern_database.cc.o
[ 89%] Building CXX object search/CMakeFiles/downward.dir/pdbs/pattern_generator_cegar.cc.o
[ 90%] Building CXX object search/CMakeFiles/downward.dir/pdbs/pattern_generator_greedy.cc.o
[ 90%] Building CXX object search/CMakeFiles/downward.dir/pdbs/pattern_generator_manual.cc.o
[ 90%] Building CXX object search/CMakeFiles/downward.dir/pdbs/pattern_generator_random.cc.o
[ 91%] Building CXX object search/CMakeFiles/downward.dir/pdbs/pattern_generator.cc.o
[ 91%] Building CXX object search/CMakeFiles/downward.dir/pdbs/pattern_information.cc.o
[ 92%] Building CXX object search/CMakeFiles/downward.dir/pdbs/pdb_heuristic.cc.o
[ 92%] Building CXX object search/CMakeFiles/downward.dir/pdbs/random_pattern.cc.o
[ 93%] Building CXX object search/CMakeFiles/downward.dir/pdbs/subcategory.cc.o
[ 93%] Building CXX object search/CMakeFiles/downward.dir/pdbs/utils.cc.o
[ 93%] Building CXX object search/CMakeFiles/downward.dir/pdbs/validation.cc.o
[ 94%] Building CXX object search/CMakeFiles/downward.dir/pdbs/zero_one_pdbs.cc.o
[ 94%] Building CXX object search/CMakeFiles/downward.dir/pdbs/zero_one_pdbs_heuristic.cc.o
[ 95%] Building CXX object search/CMakeFiles/downward.dir/algorithms/max_cliques.cc.o
[ 95%] Building CXX object search/CMakeFiles/downward.dir/task_utils/sampling.cc.o
[ 96%] Building CXX object search/CMakeFiles/downward.dir/potentials/diverse_potential_heuristics.cc.o
[ 96%] Building CXX object search/CMakeFiles/downward.dir/potentials/potential_function.cc.o
[ 96%] Building CXX object search/CMakeFiles/downward.dir/potentials/potential_heuristic.cc.o
[ 97%] Building CXX object search/CMakeFiles/downward.dir/potentials/potential_max_heuristic.cc.o
[ 97%] Building CXX object search/CMakeFiles/downward.dir/potentials/potential_optimizer.cc.o
[ 98%] Building CXX object search/CMakeFiles/downward.dir/potentials/sample_based_potential_heuristics.cc.o
[ 98%] Building CXX object search/CMakeFiles/downward.dir/potentials/single_potential_heuristics.cc.o
[ 99%] Building CXX object search/CMakeFiles/downward.dir/potentials/subcategory.cc.o
[ 99%] Building CXX object search/CMakeFiles/downward.dir/potentials/util.cc.o
[100%] Linking CXX executable ../bin/downward
[100%] Built target downward
Building configuration release.
Executing command "cmake -S /home/mrathod4/TARS/third_party/downward/src -B /home/mrathod4/TARS/third_party/downward/builds/release -G Unix Makefiles -DCMAKE_BUILD_TYPE=Release"
Executing command "cmake --build /home/mrathod4/TARS/third_party/downward/builds/release -j 4"
Built configuration release successfully.
