-- The C compiler identification is GNU 8.5.0
-- The CXX compiler identification is GNU 8.5.0
-- Detecting C compiler ABI info
-- Detecting C compiler ABI info - done
-- Check for working C compiler: /usr/bin/cc - skipped
-- Detecting C compile features
-- Detecting C compile features - done
-- Detecting CXX compiler ABI info
-- Detecting CXX compiler ABI info - done
-- Check for working CXX compiler: /usr/bin/c++ - skipped
-- Detecting CXX compile features
-- Detecting CXX compile features - done
-- Building for 64-bit.
-- Performing Test CMAKE_HAVE_LIBC_PTHREAD
-- Performing Test CMAKE_HAVE_LIBC_PTHREAD - Failed
-- Looking for pthread_create in pthreads
-- Looking for pthread_create in pthreads - not found
-- Looking for pthread_create in pthread
-- Looking for pthread_create in pthread - found
-- Found Threads: TRUE  
-- Could NOT find Cplex: Found unsuitable version "CPLEX_VERSION-NOTFOUND", but required is at least "12" (found CPLEX_INCLUDE_DIRS-NOTFOUND)
-- Configuring done (5.8s)
-- Generating done (0.2s)
-- Build files have been written to: /home/mrathod4/TARS/third_party/downward/builds/release
Copying translator module into output directory
[  0%] Building CXX object search/CMakeFiles/downward.dir/abstract_task.cc.o
[  0%] Building CXX object search/CMakeFiles/downward.dir/planner.cc.o
[  1%] Building CXX object search/CMakeFiles/downward.dir/axioms.cc.o
[  1%] Built target translate
Building configuration release.
Executing command "cmake -S /home/mrathod4/TARS/third_party/downward/src -B /home/mrathod4/TARS/third_party/downward/builds/release -G Unix Makefiles -DCMAKE_BUILD_TYPE=Release"
Executing command "cmake --build /home/mrathod4/TARS/third_party/downward/builds/release -j 4"
