error    libmamba Could not open lockfile '/packages/apps/mamba/2.0.8/pkgs/cache/cache.lock'
warning  libmamba Cache file "/packages/apps/mamba/2.0.8/pkgs/cache/497deca9.json" was modified by another program
warning  libmamba Cache file "/home/mrathod4/.conda/pkgs/cache/497deca9.json" was modified by another program
error    libmamba Could not open lockfile '/packages/apps/mamba/2.0.8/pkgs/cache/cache.lock'
warning  libmamba Cache file "/packages/apps/mamba/2.0.8/pkgs/cache/09cdf8bf.json" was modified by another program
warning  libmamba Cache file "/home/mrathod4/.conda/pkgs/cache/09cdf8bf.json" was modified by another program
ERROR: Exception:
Traceback (most recent call last):
  File "/home/mrathod4/.conda/envs/thicket311/lib/python3.11/site-packages/pip/_internal/cli/base_command.py", line 107, in _run_wrapper
    status = _inner_run()
             ^^^^^^^^^^^^
  File "/home/mrathod4/.conda/envs/thicket311/lib/python3.11/site-packages/pip/_internal/cli/base_command.py", line 98, in _inner_run
    return self.run(options, args)
           ^^^^^^^^^^^^^^^^^^^^^^^
  File "/home/mrathod4/.conda/envs/thicket311/lib/python3.11/site-packages/pip/_internal/cli/req_command.py", line 96, in wrapper
    return func(self, options, args)
           ^^^^^^^^^^^^^^^^^^^^^^^^^
  File "/home/mrathod4/.conda/envs/thicket311/lib/python3.11/site-packages/pip/_internal/commands/install.py", line 392, in run
    requirement_set = resolver.resolve(
                      ^^^^^^^^^^^^^^^^^
  File "/home/mrathod4/.conda/envs/thicket311/lib/python3.11/site-packages/pip/_internal/resolution/resolvelib/resolver.py", line 79, in resolve
    collected = self.factory.collect_root_requirements(root_reqs)
                ^^^^^^^^^^^^^^^^^^^^^^^^^^^^^^^^^^^^^^^^^^^^^^^^^
  File "/home/mrathod4/.conda/envs/thicket311/lib/python3.11/site-packages/pip/_internal/resolution/resolvelib/factory.py", line 538, in collect_root_requirements
    reqs = list(
           ^^^^^
  File "/home/mrathod4/.conda/envs/thicket311/lib/python3.11/site-packages/pip/_internal/resolution/resolvelib/factory.py", line 494, in _make_requirements_from_install_req
    cand = self._make_base_candidate_from_link(
           ^^^^^^^^^^^^^^^^^^^^^^^^^^^^^^^^^^^^
  File "/home/mrathod4/.conda/envs/thicket311/lib/python3.11/site-packages/pip/_internal/resolution/resolvelib/factory.py", line 205, in _make_base_candidate_from_link
    self._editable_candidate_cache[link] = EditableCandidate(
                                           ^^^^^^^^^^^^^^^^^^
  File "/home/mrathod4/.conda/envs/thicket311/lib/python3.11/site-packages/pip/_internal/resolution/resolvelib/candidates.py", line 343, in __init__
    super().__init__(
  File "/home/mrathod4/.conda/envs/thicket311/lib/python3.11/site-packages/pip/_internal/resolution/resolvelib/candidates.py", line 161, in __init__
    self.dist = self._prepare()
                ^^^^^^^^^^^^^^^
  File "/home/mrathod4/.conda/envs/thicket311/lib/python3.11/site-packages/pip/_internal/resolution/resolvelib/candidates.py", line 238, in _prepare
    dist = self._prepare_distribution()
           ^^^^^^^^^^^^^^^^^^^^^^^^^^^^
  File "/home/mrathod4/.conda/envs/thicket311/lib/python3.11/site-packages/pip/_internal/resolution/resolvelib/candidates.py", line 353, in _prepare_distribution
    return self._factory.preparer.prepare_editable_requirement(self._ireq)
           ^^^^^^^^^^^^^^^^^^^^^^^^^^^^^^^^^^^^^^^^^^^^^^^^^^^^^^^^^^^^^^^
  File "/home/mrathod4/.conda/envs/thicket311/lib/python3.11/site-packages/pip/_internal/operations/prepare.py", line 713, in prepare_editable_requirement
    dist = _get_prepared_distribution(
           ^^^^^^^^^^^^^^^^^^^^^^^^^^^
  File "/home/mrathod4/.conda/envs/thicket311/lib/python3.11/site-packages/pip/_internal/operations/prepare.py", line 77, in _get_prepared_distribution
    abstract_dist.prepare_distribution_metadata(
  File "/home/mrathod4/.conda/envs/thicket311/lib/python3.11/site-packages/pip/_internal/distributions/sdist.py", line 53, in prepare_distribution_metadata
    self.req.editable_sanity_check()
  File "/home/mrathod4/.conda/envs/thicket311/lib/python3.11/site-packages/pip/_internal/req/req_install.py", line 501, in editable_sanity_check
    if self.editable and not self.supports_pyproject_editable:
                             ^^^^^^^^^^^^^^^^^^^^^^^^^^^^^^^^
  File "/home/mrathod4/.conda/envs/thicket311/lib/python3.11/functools.py", line 1001, in __get__
    val = self.func(instance)
          ^^^^^^^^^^^^^^^^^^^
  File "/home/mrathod4/.conda/envs/thicket311/lib/python3.11/site-packages/pip/_internal/req/req_install.py", line 237, in supports_pyproject_editable
    return "build_editable" in self.pep517_backend._supported_features()
                               ^^^^^^^^^^^^^^^^^^^^^^^^^^^^^^^^^^^^^^^^^
  File "/home/mrathod4/.conda/envs/thicket311/lib/python3.11/site-packages/pip/_vendor/pyproject_hooks/_impl.py", line 180, in _supported_features
    return self._call_hook("_supported_features", {})
           ^^^^^^^^^^^^^^^^^^^^^^^^^^^^^^^^^^^^^^^^^^
  File "/home/mrathod4/.conda/envs/thicket311/lib/python3.11/site-packages/pip/_vendor/pyproject_hooks/_impl.py", line 402, in _call_hook
    raise BackendUnavailable(
pip._vendor.pyproject_hooks._impl.BackendUnavailable: Cannot import 'setuptools.backends.legacy'
